<?xml version="1.0" encoding="UTF-8"?>
<!-- Generated by org.testng.reporters.JUnitReportReporter -->
<testsuite hostname="Nishanth" failures="0" tests="1" name="driverFactory.DriverScript" time="21.006" errors="0" timestamp="2024-02-16T17:04:41 IST" skipped="0">
  <testcase classname="driverFactory.DriverScript" name="startTest" time="21.006"/>
</testsuite> <!-- driverFactory.DriverScript -->
